Cluster 16580: ignorados=[15491] | justificativa=O artigo 15491 é um título repetido e sem conteúdo adicional, sendo redundante para a análise.
Cluster 16585: ignorados=[15617] | justificativa=O artigo 15617 não está diretamente relacionado ao tema central das tarifas de Trump e sua contestação judicial.
Cluster 16592: ignorados=[15503] | justificativa=O artigo 15503 foi ignorado por ser vago e não agregar informações relevantes ao tema central.
Cluster 16586: ignorados=[15677, 15680] | justificativa=O artigo 15680 foi ignorado por ser uma carta de leitores com opiniões políticas, sem impacto financeiro direto.
Cluster 16584: ignorados=[15660] | justificativa=Todos os artigos eram pertinentes.
Cluster 16583: ignorados=[15537] | justificativa=O artigo 15537 foi ignorado por conter apenas definições genéricas sobre fintechs, sem impacto direto na análise da mudança regulatória.
Cluster 16610: ignorados=[15559, 15667] | justificativa=Os artigos 15667 e 15559 não são pertinentes ao tema central.
Cluster 16614: ignorados=[15539, 15561] | justificativa=Os artigos 15539 e 15561 foram ignorados por tratarem de temas distintos (combustíveis e desempenho da bolsa, respectivamente).
Cluster 16665: ignorados=[15693, 15694] | justificativa=Os artigos 15694 e 15693 não são relacionados ao tema principal.
Cluster 16641: ignorados=[15682] | justificativa=O artigo 15682 foi ignorado por ser um artigo de opinião genérico sobre corrupção, sem relação direta com o tema central.
Cluster 16639: ignorados=[15684, 15685] | justificativa=Todos os artigos eram pertinentes.
Cluster 16645: ignorados=[15640, 15641, 15643, 15673, 15675] | justificativa=Os artigos 15675, 15641, 15640 e 15673 não são pertinentes ao tema central da COP30 e seus desafios logísticos. O artigo 15643 também foi considerado menos relevante, pois se refere a uma decisão do governo Trump que não impacta diretamente a COP30.
Cluster 16648: ignorados=[15619, 15629, 15630, 15631, 15634, 15646, 15647, 15648, 15662, 15668, 15674, 15679] | justificativa=Todos os artigos eram pertinentes.
Cluster 16664: ignorados=[15718, 15738] | justificativa=Todos os artigos eram pertinentes.
Cluster 16614: ignorados=[15538, 15539, 15561] | justificativa=Os artigos 15538, 15539 e 15561 não são diretamente relacionados à situação do Banco Master e foram ignorados.
Cluster 16585: ignorados=[15516, 15551, 15617, 15666] | justificativa=Os artigos 15617, 15666 e 15516 foram considerados menos relevantes para o foco principal da decisão judicial sobre as tarifas de Trump. O artigo 15617 foca no poder de Trump no caso Fed, o 15666 na reação do Brasil e o 15516 na autorização de Lula para retaliar.
Cluster 16586: ignorados=[15619, 15629, 15630, 15631, 15634, 15646, 15647, 15648, 15662, 15668, 15674, 15677, 15679] | justificativa=Artigos 15668, 15677, 15619, 15646, 15679, 15634, 15631, 15630, 15647, 15648 e 15674 foram ignorados por tratarem de assuntos distintos e irrelevantes para o tema central.
Cluster 16595: ignorados=[15637, 15682] | justificativa=Os artigos 15682 e 15637 foram ignorados por serem opiniões genéricas sobre corrupção e um plano de assassinato de promotor, respectivamente, não diretamente relacionados ao esquema financeiro e de combustíveis investigado.
Cluster 16673: ignorados=[15555, 15660] | justificativa=O artigo 15555 foi ignorado por tratar de detalhes técnicos sobre o arcabouço fiscal sem impacto direto e imediato. O artigo 15660 foi ignorado por tratar de devedores contumazes, tema tangencial ao orçamento.
Cluster 16674: ignorados=[15537, 15613, 15654] | justificativa=Artigos 15613 e 15537 foram ignorados por serem genéricos e não adicionarem informações relevantes à análise principal.
Cluster 16679: ignorados=[15637, 15682] | justificativa=Os artigos 15637 e 15682 foram ignorados por tratarem de planos de assassinato de promotor e opiniões genéricas sobre corrupção, respectivamente, não estando diretamente ligados ao esquema financeiro e de combustíveis investigado na Operação Carbono Oculto.
Cluster 16716: ignorados=[15516, 15617, 15666] | justificativa=O artigo 15617 foi ignorado por tratar de tema diferente (Judiciário delimitando poder de Trump no caso Fed). O artigo 15666 e 15516 foram ignorados por tratar da reação do Brasil ao tarifaço, e não do evento principal em si.
Cluster 16673: ignorados=[15555, 15660] | justificativa=O artigo 15555 sobre a retirada de despesas de instituições oficiais do arcabouço fiscal e o artigo 15660 sobre o projeto contra devedor contumaz foram considerados menos relevantes para o foco principal do cluster, que é o Orçamento de 2026.
Cluster 16740: ignorados=[15818] | justificativa=O artigo 15818 foi ignorado por tratar de um mercado imobiliário diferente, em São Paulo, sem relação com o boom em João Pessoa.
Cluster 16682: ignorados=[15613, 15637, 15682, 15780] | justificativa=Artigos 15613, 15637 e 15682 foram ignorados por tratarem de temas periféricos: o primeiro sobre o impacto das novas regras para fintechs nos clientes, o segundo sobre um plano do PCC para matar um promotor, e o terceiro sobre corrupção generalizada.
Cluster 16714: ignorados=[15819] | justificativa=O artigo 15819 foi ignorado por tratar de um tema diferente (mercado imobiliário de alto padrão e sustentabilidade) e não se relacionar com as investigações de fraude e corrupção.
Cluster 16775: ignorados=[15677, 15680] | justificativa=O artigo 15677 foi ignorado por tratar de problemas no sistema de bilhetagem Jaé, sem relação com o tema central. O artigo 15680 foi ignorado por ser uma coletânea de opiniões sobre o caso, sem fatos novos relevantes.
Cluster 16772: ignorados=[15537] | justificativa=O artigo 15537 foi ignorado por ser apenas um glossário sobre o que são fintechs, sem impacto direto no evento principal.
Cluster 16773: ignorados=[15660] | justificativa=O artigo 15660 foi ignorado por tratar de tema diferente (combate a devedores contumazes).
Cluster 16774: ignorados=[15617] | justificativa=Todos os artigos eram pertinentes.
Cluster 16777: ignorados=[15612, 15634] | justificativa=Artigos 15634 e 15612 foram ignorados por tratarem de acordos políticos regionais e disputas de protagonismo sem impacto financeiro direto relevante para a mesa de Special Situations.
Cluster 16781: ignorados=[15503] | justificativa=O artigo 15503 é vago e não agrega informações relevantes ao contexto principal.
Cluster 16784: ignorados=[15637] | justificativa=O artigo 15637 foi ignorado pois trata de um plano para matar um promotor, sendo um evento isolado e não diretamente relacionado à tese principal da infiltração do PCC no setor de combustíveis e financeiro.
Cluster 16792: ignorados=[15515, 15547, 15669, 15670] | justificativa=Os artigos 15670, 15669, 15515 e 15547 foram ignorados por tratarem de temas de saúde geral, relações familiares e neurociência sem relação direta com teses de investimento.
Cluster 16799: ignorados=[15531, 15559] | justificativa=Os artigos 15531 e 15559 não estão relacionados ao evento principal.
Cluster 16803: ignorados=[15538, 15539, 15561, 15579, 15581, 15586] | justificativa=Todos os artigos eram pertinentes.
Cluster 16817: ignorados=[15642] | justificativa=O artigo 15642 foi ignorado por tratar de um problema específico de produção da castanha do Pará, não diretamente relacionado aos desafios da COP30.
Cluster 16812: ignorados=[15551, 15556, 15563, 15564, 15565, 15568, 15569, 15570, 15571, 15572, 15573, 15575, 15583, 15584, 15585, 15587, 15588, 15590, 15591, 15592, 15593, 15594, 15595, 15596, 15597, 15598, 15600, 15602, 15606, 15607, 15608, 15609, 15610, 15613, 15615, 15619, 15620, 15622, 15625, 15628, 15629, 15632, 15638, 15641, 15643, 15646, 15649, 15658, 15662, 15664, 15665, 15667, 15668, 15671, 15672, 15673, 15674, 15675, 15678, 15679, 15682, 15683, 15684, 15685, 15686, 15687, 15688, 15689] | justificativa=Todos os artigos eram pertinentes.
Cluster 16864: ignorados=[15755, 15759, 15765, 15766, 15787, 15790] | justificativa=Os artigos 15755 e 15766 são muito genéricos e não adicionam informações relevantes. O artigo 15759 é uma análise política tangencial. O artigo 15765 é uma coletânea de opiniões sobre a operação. O artigo 15787 foca nos clientes das gestoras, um aspecto menos central para a tese.
Cluster 16944: ignorados=[15878] | justificativa=Todos os artigos eram pertinentes.
Cluster 16965: ignorados=[15902] | justificativa=O artigo 15902 é uma opinião pessoal sobre o uso de chatbots e não se relaciona diretamente com o problema central abordado no artigo 15895.
Cluster 16981: ignorados=[15929] | justificativa=O artigo 15929 foi ignorado pois trata de lesão de outro jogador e não está relacionado à troca de Parsons.
Cluster 16774: ignorados=[15522, 15617, 15621] | justificativa=Artigos 15621, 15522 e 15617 foram ignorados por serem opinativos ou tangenciais ao tema central do tarifaço de Trump e suas implicações internacionais.
Cluster 16782: ignorados=[15537] | justificativa=Artigo 15537 foi ignorado por ser apenas uma explicação genérica sobre o que são fintechs, sem impacto direto no evento principal.
Cluster 16784: ignorados=[15551, 15556, 15563, 15564, 15565, 15568, 15569, 15570, 15571, 15572, 15573, 15575, 15580, 15583, 15584, 15585, 15587, 15588, 15590, 15591, 15592, 15593, 15594, 15595, 15596, 15597, 15598, 15600, 15602, 15606, 15607, 15608, 15609, 15610, 15613, 15615, 15619, 15620, 15622, 15624, 15625, 15628, 15629, 15632, 15637, 15638, 15641, 15643, 15646, 15649, 15658, 15662, 15664, 15665, 15667, 15668, 15671, 15672, 15673, 15674, 15675, 15678, 15679, 15681, 15682, 15683, 15684, 15685, 15686, 15687, 15688, 15689, 15755] | justificativa=Artigos 15620, 15564, 15629, 15590, 15668, 15672, 15597, 15606, 15610, 15625, 15641, 15646, 15649, 15665, 15565, 15595, 15613, 15615, 15619, 15622, 15632, 15638, 15667, 15580, 15583, 15585, 15573, 15569, 15588, 15592, 15594, 15600, 15602, 15607, 15608, 15624, 15628, 15637, 15643, 15662, 15671, 15673, 15674, 15675, 15678, 15679, 15681, 15682, 15683, 15684, 15685, 15686, 15687, 15688, 15689, 15556, 15571, 15572, 15575, 15584, 15587, 15591, 15593, 15596, 15598, 15551 não pertencem ao fato gerador principal.
Cluster 16862: ignorados=[15660] | justificativa=O artigo 15660 foi ignorado por tratar de um projeto de lei contra devedor contumaz, que não se encaixa no tema principal do orçamento de 2026.
Cluster 16793: ignorados=[15522, 15617, 15621] | justificativa=Os artigos 15621 e 15522 foram ignorados por serem artigos de opinião com foco principal na política interna brasileira e americana, tangenciando o tema central das tarifas.
Cluster 16782: ignorados=[15537, 15551, 15556, 15563, 15564, 15565, 15568, 15569, 15570, 15571, 15572, 15573, 15575, 15580, 15583, 15584, 15585, 15587, 15588, 15590, 15591, 15592, 15593, 15594, 15595, 15596, 15597, 15598, 15600, 15602, 15606, 15607, 15608, 15609, 15610, 15613, 15615, 15619, 15620, 15622, 15624, 15625, 15628, 15629, 15632, 15637, 15638, 15641, 15643, 15646, 15649, 15654, 15657, 15658, 15659, 15662, 15664, 15665, 15667, 15668, 15671, 15672, 15673, 15674, 15675, 15678, 15679, 15681, 15682, 15683, 15684, 15685, 15686, 15687, 15688, 15689, 15755, 15759, 15787, 15790] | justificativa=Os artigos 15620, 15759, 15564, 15629, 15590, 15668, 15672, 15597, 15606, 15641, 15684, 15610, 15619, 15622, 15632, 15615, 15646, 15649, 15665, 15565, 15595, 15688, 15570, 15563, 15585, 15573, 15572, 15575, 15556, 15638, 15667, 15580, 15583, 15588, 15592, 15602, 15637, 15671, 15679, 15628, 15537, 15594, 15600, 15682, 15689, 15569, 15685, 15609, 15625, 15643, 15664, 15551, 15591, 15596, 15673, 15674, 15675, 15683, 15681, 15686, 15687, 15662 foram considerados irrelevantes por tratarem de assuntos diversos como cultura, política, saúde, balanços, gastronomia, etc.
Cluster 17020: ignorados=[16243] | justificativa=O artigo 16243 foca em uma análise política mais ampla sobre a direita e o pós-Bolsonaro, enquanto o artigo 16204 trata especificamente da disputa interna no PL. O artigo 16204 é mais relevante para o tema central.
Cluster 17048: ignorados=[16200] | justificativa=O artigo 16200 é apenas um título solto, sem conteúdo relevante para análise.
Cluster 17051: ignorados=[16248] | justificativa=O artigo 16248 foi ignorado por tratar de tarifas e relações comerciais, um tema distinto do redesenho de distritos eleitorais.
Cluster 17192: ignorados=[16132] | justificativa=O artigo 16132 foi ignorado por ser uma declaração genérica sobre taxação, sem relação direta com a proposta específica de taxação de carbono em importados.
Cluster 17197: ignorados=[16229] | justificativa=O artigo 16229 foi ignorado por ser apenas um título sem conteúdo informativo relevante.
Cluster 17222: ignorados=[16124, 16128, 16147, 16153] | justificativa=Os artigos 16124, 16128, 16147 e 16153 foram ignorados por serem legendas de fotos sem informação relevante para a análise.
Cluster 17184: ignorados=[16229, 16236] | justificativa=Artigos 16236 e 16229 foram ignorados por serem complementares e não adicionarem informações relevantes ao evento principal.
Cluster 17089: ignorados=[16220] | justificativa=O artigo 16220 não está relacionado ao tema principal.
Cluster 17191: ignorados=[16035] | justificativa=O artigo 16035 foi ignorado por tratar de uma recusa de oferta de combustíveis renováveis, tangencial ao tema central da COP30 e suas implicações financeiras.
Cluster 17082: ignorados=[16281] | justificativa=Artigo 16281 foi ignorado por tratar de política monetária americana e a demissão de uma diretora do Federal Reserve, não estando relacionado ao tema principal das tarifas sobre biquínis.
Cluster 17021: ignorados=[16056, 16090, 16216, 16227] | justificativa=O artigo 16056 e 16090 foram ignorados por tratarem de temas não relacionados ao julgamento da tentativa de golpe de estado.
Cluster 17587: ignorados=[16507] | justificativa=O artigo 16507 foi ignorado por tratar de tarifas de importação nos EUA, um tema distinto do desenvolvimento de chips de IA na China.
Cluster 17289: ignorados=[16091] | justificativa=O artigo 16091 foi ignorado por conter opiniões políticas e não apresentar informações factuais relevantes para a análise.
Cluster 17284: ignorados=[16029, 16030, 16031, 16032, 16033, 16042, 16045, 16046, 16048, 16049, 16053, 16199, 16204, 16205, 16206, 16207] | justificativa=Todos os artigos eram pertinentes.
Cluster 17297: ignorados=[16066, 16208, 16209] | justificativa=Os artigos 16209, 16208 e 16066 foram considerados irrelevantes por tratarem de outros temas (fraude no INSS e Operação Ícaro, respectivamente).
Cluster 17304: ignorados=[16078] | justificativa=O artigo 16078 foi ignorado por tratar de regras de imigração no Reino Unido, um tema não relacionado ao foco principal do cluster.
Cluster 17321: ignorados=[16101, 16108] | justificativa=O artigo 16101 não era pertinente ao tema central.
Cluster 17369: ignorados=[16188] | justificativa=O artigo 16188 não é pertinente ao tema da inadimplência.
Cluster 17399: ignorados=[16229, 16233, 16234, 16237, 16238, 16239, 16240, 16241, 16243] | justificativa=Os artigos 16243, 16239, 16240, 16238, 16237, 16233, 16234, 16241 e 16229 foram ignorados por serem tangenciais ao evento principal: o julgamento de Bolsonaro por tentativa de golpe. Eles oferecem contexto político geral, detalhes sobre réus específicos ou informações logísticas sobre o julgamento, mas não contribuem diretamente para a tese central.
Cluster 17421: ignorados=[16282] | justificativa=O artigo 16282 foi ignorado por ser apenas uma definição genérica do que é hidrogênio verde, sem impacto direto na análise da situação atual dos projetos.
Cluster 17460: ignorados=[16351, 16352] | justificativa=Todos os artigos eram pertinentes.
Cluster 17501: ignorados=[16474] | justificativa=O artigo 16474 é uma análise geral sobre investimentos em ouro e menciona Hochschild Mining apenas brevemente. O artigo 16475 foca especificamente nos problemas da Hochschild Mining e seu impacto financeiro, sendo mais relevante para a análise.
Cluster 17403: ignorados=[16386, 16390] | justificativa=Os artigos 16386 e 16390 foram ignorados por tratarem de tarifas sobre o Canadá e China, respectivamente, não sendo diretamente relacionados ao tema principal sobre as tarifas americanas sobre o biquíni brasileiro.
Cluster 17693: ignorados=[16045, 16046, 16195, 16349] | justificativa=Artigos 16045, 16046, 16195 e 16349 foram ignorados por serem páginas de jornal, publicidade ou conteúdo não relacionado ao evento principal.
Cluster 17702: ignorados=[16041] | justificativa=O artigo 16041 foi ignorado por tratar de deportação de imigrantes, um tema diferente do redesenho de distritos eleitorais.
Cluster 17704: ignorados=[16090] | justificativa=O artigo 16090 foi ignorado por ser uma carta de leitores com opiniões e informações adicionais não diretamente relacionadas ao julgamento em si.
Cluster 17724: ignorados=[16115, 16163] | justificativa=Artigos 16163 e 16115 não relacionados ao tema principal.
Cluster 17744: ignorados=[16486] | justificativa=O artigo 16486 foi ignorado por ser um anúncio genérico sem relação com o tema principal.
Cluster 17748: ignorados=[16253] | justificativa=O artigo 16253 foi ignorado por tratar de um tema diferente (impactos do aquecimento global no Brasil).
Cluster 17767: ignorados=[16479] | justificativa=O artigo 16479 foi ignorado pois trata do desempenho das ações da AJ Bell, um evento diferente das transações de diretores.
Cluster 17775: ignorados=[16031, 16038] | justificativa=Artigos 16031 e 16038 foram ignorados por tratarem de política e nomeações sem impacto financeiro direto.
Cluster 17895: ignorados=[16234] | justificativa=O artigo 16234 foi ignorado por ser apenas uma citação de um advogado, sem informações adicionais relevantes para a análise geral do evento.
Cluster 17942: ignorados=[16129] | justificativa=O artigo 16129 foi ignorado por ser vago e não fornecer informações relevantes sobre o evento principal.
Cluster 17912: ignorados=[16037] | justificativa=Todos os artigos eram pertinentes.
Cluster 18004: ignorados=[16507] | justificativa=O artigo 16507 não é pertinente ao tema central, focando em tarifas comerciais e não na busca por alternativas aos chips da Nvidia.
Cluster 17693: ignorados=[16045, 16046, 16195, 16349] | justificativa=Os artigos 16045, 16046, 16195 e 16349 são páginas de jornal ou propagandas imobiliárias sem relação direta com o evento principal.
